0 info it worked if it ends with ok
1 verbose cli [ 'node',
1 verbose cli   '/usr/local/bin/npm',
1 verbose cli   'install',
1 verbose cli   'babel-preset-2015',
1 verbose cli   '--save-dev' ]
2 info using npm@1.4.28
3 info using node@v0.10.32
4 verbose readDependencies using package.json deps
5 verbose cache add [ 'babel-preset-2015', null ]
6 verbose cache add name=undefined spec="babel-preset-2015" args=["babel-preset-2015",null]
7 verbose parsed url { protocol: null,
7 verbose parsed url   slashes: null,
7 verbose parsed url   auth: null,
7 verbose parsed url   host: null,
7 verbose parsed url   port: null,
7 verbose parsed url   hostname: null,
7 verbose parsed url   hash: null,
7 verbose parsed url   search: null,
7 verbose parsed url   query: null,
7 verbose parsed url   pathname: 'babel-preset-2015',
7 verbose parsed url   path: 'babel-preset-2015',
7 verbose parsed url   href: 'babel-preset-2015' }
8 silly lockFile e601356c-babel-preset-2015 babel-preset-2015
9 verbose lock babel-preset-2015 /Users/jennas/.npm/e601356c-babel-preset-2015.lock
10 silly lockFile e601356c-babel-preset-2015 babel-preset-2015
11 silly lockFile e601356c-babel-preset-2015 babel-preset-2015
12 verbose addNamed [ 'babel-preset-2015', '' ]
13 verbose addNamed [ null, '*' ]
14 silly lockFile 4c87d21b-babel-preset-2015 babel-preset-2015@
15 verbose lock babel-preset-2015@ /Users/jennas/.npm/4c87d21b-babel-preset-2015.lock
16 silly addNameRange { name: 'babel-preset-2015', range: '*', hasData: false }
17 verbose request where is /babel-preset-2015
18 verbose request registry https://registry.npmjs.org/
19 verbose request id 90107be825a16592
20 verbose url raw /babel-preset-2015
21 verbose url resolving [ 'https://registry.npmjs.org/', './babel-preset-2015' ]
22 verbose url resolved https://registry.npmjs.org/babel-preset-2015
23 verbose request where is https://registry.npmjs.org/babel-preset-2015
24 info trying registry request attempt 1 at 15:47:23
25 http GET https://registry.npmjs.org/babel-preset-2015
26 http 404 https://registry.npmjs.org/babel-preset-2015
27 silly registry.get cb [ 404,
27 silly registry.get   { 'content-type': 'application/json',
27 silly registry.get     'cache-control': 'max-age=0',
27 silly registry.get     'content-length': '2',
27 silly registry.get     'accept-ranges': 'bytes',
27 silly registry.get     date: 'Sun, 15 May 2016 05:47:24 GMT',
27 silly registry.get     via: '1.1 varnish',
27 silly registry.get     age: '0',
27 silly registry.get     connection: 'keep-alive',
27 silly registry.get     'x-served-by': 'cache-mel6521-MEL',
27 silly registry.get     'x-cache': 'MISS',
27 silly registry.get     'x-cache-hits': '0',
27 silly registry.get     'x-timer': 'S1463291243.429162,VS0,VE801',
27 silly registry.get     vary: 'Accept-Encoding' } ]
28 silly lockFile 4c87d21b-babel-preset-2015 babel-preset-2015@
29 silly lockFile 4c87d21b-babel-preset-2015 babel-preset-2015@
30 error 404 Not Found
30 error 404
30 error 404 'babel-preset-2015' is not in the npm registry.
30 error 404 You should bug the author to publish it
30 error 404 It was specified as a dependency of 'Rythm'
30 error 404
30 error 404 Note that you can also install from a
30 error 404 tarball, folder, or http url, or git url.
31 error System Darwin 15.4.0
32 error command "node" "/usr/local/bin/npm" "install" "babel-preset-2015" "--save-dev"
33 error cwd /Users/jennas/Projects/Rythm/master
34 error node -v v0.10.32
35 error npm -v 1.4.28
36 error code E404
37 verbose exit [ 1, true ]
